2025-06-09 22:52:53,475 [Worker-5: Loading available Gradle versions] INFO  o.e.b.c.i.u.g.PublishedGradleVersions - Gradle version information cache is not available. Remote download required.
2025-06-09 22:53:29,106 [Worker-1: Importing Maven projects] INFO  o.e.m.c.i.l.LifecycleMappingFactory - Using org.eclipse.m2e.jdt.JarLifecycleMapping lifecycle mapping for MavenProject: com.project:InstaStay:0.0.1-SNAPSHOT @ C:\Users\SHRIRAM SABADE\OneDrive\Desktop\WJP Project\Backend-InstaStay\InstaStay\pom.xml.
2025-06-09 22:53:31,487 [Worker-1: Importing Maven projects] INFO  o.e.m.j.i.AbstractJavaProjectConfigurator - Adding source folder /InstaStay/src/main/java
2025-06-09 22:53:31,491 [Worker-1: Importing Maven projects] INFO  o.e.m.j.i.AbstractJavaProjectConfigurator - Adding resource folder /InstaStay/src/main/resources
2025-06-09 22:53:31,493 [Worker-1: Importing Maven projects] INFO  o.e.m.j.i.AbstractJavaProjectConfigurator - Adding resource folder /InstaStay/src/main/resources
2025-06-09 22:53:31,494 [Worker-1: Importing Maven projects] INFO  o.e.m.j.i.AbstractJavaProjectConfigurator - Adding source folder /InstaStay/src/test/java
2025-06-09 22:53:31,497 [Worker-1: Importing Maven projects] INFO  o.e.m.j.i.AbstractJavaProjectConfigurator - Adding resource folder /InstaStay/src/test/resources
2025-06-09 22:53:32,204 [Worker-1: Importing Maven projects] INFO  o.e.m.c.i.p.ProjectConfigurationManager - Imported and configured 1 project(s) in 5 sec
2025-06-09 22:53:35,411 [Worker-0: Building] INFO  o.a.m.s.f.DefaultMavenResourcesFiltering - Copying 1 resource from src\main\resources to target\classes
2025-06-09 22:53:35,433 [Worker-0: Building] INFO  o.a.m.s.f.DefaultMavenResourcesFiltering - Copying 0 resource from src\main\resources to target\classes
2025-06-09 22:53:35,442 [Worker-0: Building] INFO  o.a.m.s.f.DefaultMavenResourcesFiltering - skip non existing resourceDirectory C:\Users\SHRIRAM SABADE\OneDrive\Desktop\WJP Project\Backend-InstaStay\InstaStay\src\test\resources
2025-06-09 22:54:32,199 [Worker-4: Updating Maven Project] INFO  o.e.m.c.i.p.ProjectConfigurationManager - Update started
2025-06-09 22:54:32,740 [Worker-4: Updating Maven Project] INFO  o.e.m.c.i.l.LifecycleMappingFactory - Using org.eclipse.m2e.jdt.JarLifecycleMapping lifecycle mapping for MavenProject: com.project:InstaStay:0.0.1-SNAPSHOT @ C:\Users\SHRIRAM SABADE\OneDrive\Desktop\WJP Project\Backend-InstaStay\InstaStay\pom.xml.
2025-06-09 22:54:33,915 [Worker-4: Updating Maven Project] INFO  o.e.m.j.i.AbstractJavaProjectConfigurator - Adding source folder /InstaStay/src/main/java
2025-06-09 22:54:33,917 [Worker-4: Updating Maven Project] INFO  o.e.m.j.i.AbstractJavaProjectConfigurator - Adding resource folder /InstaStay/src/main/resources
2025-06-09 22:54:33,918 [Worker-4: Updating Maven Project] INFO  o.e.m.j.i.AbstractJavaProjectConfigurator - Adding resource folder /InstaStay/src/main/resources
2025-06-09 22:54:33,918 [Worker-4: Updating Maven Project] INFO  o.e.m.j.i.AbstractJavaProjectConfigurator - Adding source folder /InstaStay/src/test/java
2025-06-09 22:54:33,919 [Worker-4: Updating Maven Project] INFO  o.e.m.j.i.AbstractJavaProjectConfigurator - Adding resource folder /InstaStay/src/test/resources
2025-06-09 22:54:34,463 [Worker-4: Updating Maven Project] INFO  o.e.m.c.i.p.ProjectConfigurationManager - Update completed for 1 poms: local refresh takes 0.00 sec, refresh facades takes 1.00 sec, update config takes 0.00 sec 
2025-06-09 22:54:35,106 [Worker-5: Building] INFO  o.a.m.s.f.DefaultMavenResourcesFiltering - Copying 1 resource from src\main\resources to target\classes
2025-06-09 22:54:35,129 [Worker-5: Building] INFO  o.a.m.s.f.DefaultMavenResourcesFiltering - Copying 0 resource from src\main\resources to target\classes
2025-06-09 22:54:35,134 [Worker-5: Building] INFO  o.a.m.s.f.DefaultMavenResourcesFiltering - skip non existing resourceDirectory C:\Users\SHRIRAM SABADE\OneDrive\Desktop\WJP Project\Backend-InstaStay\InstaStay\src\test\resources
2025-06-09 22:54:46,000 [Worker-8: Launching Executing clean in C__Users_SHRIRAM SABADE_OneDrive_Desktop_WJP Project_Backend-InstaStay_InstaStay] INFO  o.eclipse.m2e.core.internal.Bundles - getClasspathEntries(Bundle=org.eclipse.m2e.maven.runtime_3.9.900.20250220-2013 [361])
2025-06-09 22:54:46,002 [Worker-8: Launching Executing clean in C__Users_SHRIRAM SABADE_OneDrive_Desktop_WJP Project_Backend-InstaStay_InstaStay] INFO  o.eclipse.m2e.core.internal.Bundles - 	Entry: D:\WJP Essentials\sts-4.30.0.RELEASE\plugins\org.eclipse.m2e.maven.runtime_3.9.900.20250220-2013
2025-06-09 22:54:46,002 [Worker-8: Launching Executing clean in C__Users_SHRIRAM SABADE_OneDrive_Desktop_WJP Project_Backend-InstaStay_InstaStay] INFO  o.eclipse.m2e.core.internal.Bundles - 	Entry: D:\WJP Essentials\sts-4.30.0.RELEASE\plugins\org.eclipse.m2e.maven.runtime_3.9.900.20250220-2013\jars\aopalliance-1.0.jar
2025-06-09 22:54:46,002 [Worker-8: Launching Executing clean in C__Users_SHRIRAM SABADE_OneDrive_Desktop_WJP Project_Backend-InstaStay_InstaStay] INFO  o.eclipse.m2e.core.internal.Bundles - 	Entry: D:\WJP Essentials\sts-4.30.0.RELEASE\plugins\org.eclipse.m2e.maven.runtime_3.9.900.20250220-2013\jars\guice-5.1.0.jar
2025-06-09 22:54:46,002 [Worker-8: Launching Executing clean in C__Users_SHRIRAM SABADE_OneDrive_Desktop_WJP Project_Backend-InstaStay_InstaStay] INFO  o.eclipse.m2e.core.internal.Bundles - 	Entry: D:\WJP Essentials\sts-4.30.0.RELEASE\plugins\org.eclipse.m2e.maven.runtime_3.9.900.20250220-2013\jars\httpclient-4.5.14.jar
2025-06-09 22:54:46,002 [Worker-8: Launching Executing clean in C__Users_SHRIRAM SABADE_OneDrive_Desktop_WJP Project_Backend-InstaStay_InstaStay] INFO  o.eclipse.m2e.core.internal.Bundles - 	Entry: D:\WJP Essentials\sts-4.30.0.RELEASE\plugins\org.eclipse.m2e.maven.runtime_3.9.900.20250220-2013\jars\httpcore-4.4.16.jar
2025-06-09 22:54:46,002 [Worker-8: Launching Executing clean in C__Users_SHRIRAM SABADE_OneDrive_Desktop_WJP Project_Backend-InstaStay_InstaStay] INFO  o.eclipse.m2e.core.internal.Bundles - 	Entry: D:\WJP Essentials\sts-4.30.0.RELEASE\plugins\org.eclipse.m2e.maven.runtime_3.9.900.20250220-2013\jars\jansi-2.4.1.jar
2025-06-09 22:54:46,002 [Worker-8: Launching Executing clean in C__Users_SHRIRAM SABADE_OneDrive_Desktop_WJP Project_Backend-InstaStay_InstaStay] INFO  o.eclipse.m2e.core.internal.Bundles - 	Entry: D:\WJP Essentials\sts-4.30.0.RELEASE\plugins\org.eclipse.m2e.maven.runtime_3.9.900.20250220-2013\jars\jcl-over-slf4j-1.7.36.jar
2025-06-09 22:54:46,002 [Worker-8: Launching Executing clean in C__Users_SHRIRAM SABADE_OneDrive_Desktop_WJP Project_Backend-InstaStay_InstaStay] INFO  o.eclipse.m2e.core.internal.Bundles - 	Entry: D:\WJP Essentials\sts-4.30.0.RELEASE\plugins\org.eclipse.m2e.maven.runtime_3.9.900.20250220-2013\jars\maven-artifact-3.9.9.jar
2025-06-09 22:54:46,002 [Worker-8: Launching Executing clean in C__Users_SHRIRAM SABADE_OneDrive_Desktop_WJP Project_Backend-InstaStay_InstaStay] INFO  o.eclipse.m2e.core.internal.Bundles - 	Entry: D:\WJP Essentials\sts-4.30.0.RELEASE\plugins\org.eclipse.m2e.maven.runtime_3.9.900.20250220-2013\jars\maven-builder-support-3.9.9.jar
2025-06-09 22:54:46,002 [Worker-8: Launching Executing clean in C__Users_SHRIRAM SABADE_OneDrive_Desktop_WJP Project_Backend-InstaStay_InstaStay] INFO  o.eclipse.m2e.core.internal.Bundles - 	Entry: D:\WJP Essentials\sts-4.30.0.RELEASE\plugins\org.eclipse.m2e.maven.runtime_3.9.900.20250220-2013\jars\maven-compat-3.9.9.jar
2025-06-09 22:54:46,003 [Worker-8: Launching Executing clean in C__Users_SHRIRAM SABADE_OneDrive_Desktop_WJP Project_Backend-InstaStay_InstaStay] INFO  o.eclipse.m2e.core.internal.Bundles - 	Entry: D:\WJP Essentials\sts-4.30.0.RELEASE\plugins\org.eclipse.m2e.maven.runtime_3.9.900.20250220-2013\jars\maven-core-3.9.9.jar
2025-06-09 22:54:46,003 [Worker-8: Launching Executing clean in C__Users_SHRIRAM SABADE_OneDrive_Desktop_WJP Project_Backend-InstaStay_InstaStay] INFO  o.eclipse.m2e.core.internal.Bundles - 	Entry: D:\WJP Essentials\sts-4.30.0.RELEASE\plugins\org.eclipse.m2e.maven.runtime_3.9.900.20250220-2013\jars\maven-embedder-3.9.9.jar
2025-06-09 22:54:46,003 [Worker-8: Launching Executing clean in C__Users_SHRIRAM SABADE_OneDrive_Desktop_WJP Project_Backend-InstaStay_InstaStay] INFO  o.eclipse.m2e.core.internal.Bundles - 	Entry: D:\WJP Essentials\sts-4.30.0.RELEASE\plugins\org.eclipse.m2e.maven.runtime_3.9.900.20250220-2013\jars\maven-model-3.9.9.jar
2025-06-09 22:54:46,003 [Worker-8: Launching Executing clean in C__Users_SHRIRAM SABADE_OneDrive_Desktop_WJP Project_Backend-InstaStay_InstaStay] INFO  o.eclipse.m2e.core.internal.Bundles - 	Entry: D:\WJP Essentials\sts-4.30.0.RELEASE\plugins\org.eclipse.m2e.maven.runtime_3.9.900.20250220-2013\jars\maven-model-builder-3.9.9.jar
2025-06-09 22:54:46,003 [Worker-8: Launching Executing clean in C__Users_SHRIRAM SABADE_OneDrive_Desktop_WJP Project_Backend-InstaStay_InstaStay] INFO  o.eclipse.m2e.core.internal.Bundles - 	Entry: D:\WJP Essentials\sts-4.30.0.RELEASE\plugins\org.eclipse.m2e.maven.runtime_3.9.900.20250220-2013\jars\maven-plugin-api-3.9.9.jar
2025-06-09 22:54:46,003 [Worker-8: Launching Executing clean in C__Users_SHRIRAM SABADE_OneDrive_Desktop_WJP Project_Backend-InstaStay_InstaStay] INFO  o.eclipse.m2e.core.internal.Bundles - 	Entry: D:\WJP Essentials\sts-4.30.0.RELEASE\plugins\org.eclipse.m2e.maven.runtime_3.9.900.20250220-2013\jars\maven-repository-metadata-3.9.9.jar
2025-06-09 22:54:46,003 [Worker-8: Launching Executing clean in C__Users_SHRIRAM SABADE_OneDrive_Desktop_WJP Project_Backend-InstaStay_InstaStay] INFO  o.eclipse.m2e.core.internal.Bundles - 	Entry: D:\WJP Essentials\sts-4.30.0.RELEASE\plugins\org.eclipse.m2e.maven.runtime_3.9.900.20250220-2013\jars\maven-resolver-api-1.9.22.jar
2025-06-09 22:54:46,003 [Worker-8: Launching Executing clean in C__Users_SHRIRAM SABADE_OneDrive_Desktop_WJP Project_Backend-InstaStay_InstaStay] INFO  o.eclipse.m2e.core.internal.Bundles - 	Entry: D:\WJP Essentials\sts-4.30.0.RELEASE\plugins\org.eclipse.m2e.maven.runtime_3.9.900.20250220-2013\jars\maven-resolver-connector-basic-1.9.22.jar
2025-06-09 22:54:46,003 [Worker-8: Launching Executing clean in C__Users_SHRIRAM SABADE_OneDrive_Desktop_WJP Project_Backend-InstaStay_InstaStay] INFO  o.eclipse.m2e.core.internal.Bundles - 	Entry: D:\WJP Essentials\sts-4.30.0.RELEASE\plugins\org.eclipse.m2e.maven.runtime_3.9.900.20250220-2013\jars\maven-resolver-impl-1.9.22.jar
2025-06-09 22:54:46,003 [Worker-8: Launching Executing clean in C__Users_SHRIRAM SABADE_OneDrive_Desktop_WJP Project_Backend-InstaStay_InstaStay] INFO  o.eclipse.m2e.core.internal.Bundles - 	Entry: D:\WJP Essentials\sts-4.30.0.RELEASE\plugins\org.eclipse.m2e.maven.runtime_3.9.900.20250220-2013\jars\maven-resolver-named-locks-1.9.22.jar
2025-06-09 22:54:46,003 [Worker-8: Launching Executing clean in C__Users_SHRIRAM SABADE_OneDrive_Desktop_WJP Project_Backend-InstaStay_InstaStay] INFO  o.eclipse.m2e.core.internal.Bundles - 	Entry: D:\WJP Essentials\sts-4.30.0.RELEASE\plugins\org.eclipse.m2e.maven.runtime_3.9.900.20250220-2013\jars\maven-resolver-provider-3.9.9.jar
2025-06-09 22:54:46,003 [Worker-8: Launching Executing clean in C__Users_SHRIRAM SABADE_OneDrive_Desktop_WJP Project_Backend-InstaStay_InstaStay] INFO  o.eclipse.m2e.core.internal.Bundles - 	Entry: D:\WJP Essentials\sts-4.30.0.RELEASE\plugins\org.eclipse.m2e.maven.runtime_3.9.900.20250220-2013\jars\maven-resolver-spi-1.9.22.jar
2025-06-09 22:54:46,003 [Worker-8: Launching Executing clean in C__Users_SHRIRAM SABADE_OneDrive_Desktop_WJP Project_Backend-InstaStay_InstaStay] INFO  o.eclipse.m2e.core.internal.Bundles - 	Entry: D:\WJP Essentials\sts-4.30.0.RELEASE\plugins\org.eclipse.m2e.maven.runtime_3.9.900.20250220-2013\jars\maven-resolver-transport-file-1.9.22.jar
2025-06-09 22:54:46,003 [Worker-8: Launching Executing clean in C__Users_SHRIRAM SABADE_OneDrive_Desktop_WJP Project_Backend-InstaStay_InstaStay] INFO  o.eclipse.m2e.core.internal.Bundles - 	Entry: D:\WJP Essentials\sts-4.30.0.RELEASE\plugins\org.eclipse.m2e.maven.runtime_3.9.900.20250220-2013\jars\maven-resolver-transport-http-1.9.22.jar
2025-06-09 22:54:46,004 [Worker-8: Launching Executing clean in C__Users_SHRIRAM SABADE_OneDrive_Desktop_WJP Project_Backend-InstaStay_InstaStay] INFO  o.eclipse.m2e.core.internal.Bundles - 	Entry: D:\WJP Essentials\sts-4.30.0.RELEASE\plugins\org.eclipse.m2e.maven.runtime_3.9.900.20250220-2013\jars\maven-resolver-transport-wagon-1.9.22.jar
2025-06-09 22:54:46,004 [Worker-8: Launching Executing clean in C__Users_SHRIRAM SABADE_OneDrive_Desktop_WJP Project_Backend-InstaStay_InstaStay] INFO  o.eclipse.m2e.core.internal.Bundles - 	Entry: D:\WJP Essentials\sts-4.30.0.RELEASE\plugins\org.eclipse.m2e.maven.runtime_3.9.900.20250220-2013\jars\maven-resolver-util-1.9.22.jar
2025-06-09 22:54:46,004 [Worker-8: Launching Executing clean in C__Users_SHRIRAM SABADE_OneDrive_Desktop_WJP Project_Backend-InstaStay_InstaStay] INFO  o.eclipse.m2e.core.internal.Bundles - 	Entry: D:\WJP Essentials\sts-4.30.0.RELEASE\plugins\org.eclipse.m2e.maven.runtime_3.9.900.20250220-2013\jars\maven-settings-3.9.9.jar
2025-06-09 22:54:46,004 [Worker-8: Launching Executing clean in C__Users_SHRIRAM SABADE_OneDrive_Desktop_WJP Project_Backend-InstaStay_InstaStay] INFO  o.eclipse.m2e.core.internal.Bundles - 	Entry: D:\WJP Essentials\sts-4.30.0.RELEASE\plugins\org.eclipse.m2e.maven.runtime_3.9.900.20250220-2013\jars\maven-settings-builder-3.9.9.jar
2025-06-09 22:54:46,004 [Worker-8: Launching Executing clean in C__Users_SHRIRAM SABADE_OneDrive_Desktop_WJP Project_Backend-InstaStay_InstaStay] INFO  o.eclipse.m2e.core.internal.Bundles - 	Entry: D:\WJP Essentials\sts-4.30.0.RELEASE\plugins\org.eclipse.m2e.maven.runtime_3.9.900.20250220-2013\jars\maven-shared-utils-3.4.2.jar
2025-06-09 22:54:46,004 [Worker-8: Launching Executing clean in C__Users_SHRIRAM SABADE_OneDrive_Desktop_WJP Project_Backend-InstaStay_InstaStay] INFO  o.eclipse.m2e.core.internal.Bundles - 	Entry: D:\WJP Essentials\sts-4.30.0.RELEASE\plugins\org.eclipse.m2e.maven.runtime_3.9.900.20250220-2013\jars\org.eclipse.sisu.inject-0.9.0.M3.jar
2025-06-09 22:54:46,004 [Worker-8: Launching Executing clean in C__Users_SHRIRAM SABADE_OneDrive_Desktop_WJP Project_Backend-InstaStay_InstaStay] INFO  o.eclipse.m2e.core.internal.Bundles - 	Entry: D:\WJP Essentials\sts-4.30.0.RELEASE\plugins\org.eclipse.m2e.maven.runtime_3.9.900.20250220-2013\jars\org.eclipse.sisu.plexus-0.9.0.M3.jar
2025-06-09 22:54:46,004 [Worker-8: Launching Executing clean in C__Users_SHRIRAM SABADE_OneDrive_Desktop_WJP Project_Backend-InstaStay_InstaStay] INFO  o.eclipse.m2e.core.internal.Bundles - 	Entry: D:\WJP Essentials\sts-4.30.0.RELEASE\plugins\org.eclipse.m2e.maven.runtime_3.9.900.20250220-2013\jars\plexus-build-api-0.0.7.jar
2025-06-09 22:54:46,004 [Worker-8: Launching Executing clean in C__Users_SHRIRAM SABADE_OneDrive_Desktop_WJP Project_Backend-InstaStay_InstaStay] INFO  o.eclipse.m2e.core.internal.Bundles - 	Entry: D:\WJP Essentials\sts-4.30.0.RELEASE\plugins\org.eclipse.m2e.maven.runtime_3.9.900.20250220-2013\jars\plexus-build-api-1.2.0.jar
2025-06-09 22:54:46,004 [Worker-8: Launching Executing clean in C__Users_SHRIRAM SABADE_OneDrive_Desktop_WJP Project_Backend-InstaStay_InstaStay] INFO  o.eclipse.m2e.core.internal.Bundles - 	Entry: D:\WJP Essentials\sts-4.30.0.RELEASE\plugins\org.eclipse.m2e.maven.runtime_3.9.900.20250220-2013\jars\plexus-cipher-2.0.jar
2025-06-09 22:54:46,004 [Worker-8: Launching Executing clean in C__Users_SHRIRAM SABADE_OneDrive_Desktop_WJP Project_Backend-InstaStay_InstaStay] INFO  o.eclipse.m2e.core.internal.Bundles - 	Entry: D:\WJP Essentials\sts-4.30.0.RELEASE\plugins\org.eclipse.m2e.maven.runtime_3.9.900.20250220-2013\jars\plexus-classworlds-2.8.0.jar
2025-06-09 22:54:46,004 [Worker-8: Launching Executing clean in C__Users_SHRIRAM SABADE_OneDrive_Desktop_WJP Project_Backend-InstaStay_InstaStay] INFO  o.eclipse.m2e.core.internal.Bundles - 	Entry: D:\WJP Essentials\sts-4.30.0.RELEASE\plugins\org.eclipse.m2e.maven.runtime_3.9.900.20250220-2013\jars\plexus-component-annotations-2.1.0.jar
2025-06-09 22:54:46,004 [Worker-8: Launching Executing clean in C__Users_SHRIRAM SABADE_OneDrive_Desktop_WJP Project_Backend-InstaStay_InstaStay] INFO  o.eclipse.m2e.core.internal.Bundles - 	Entry: D:\WJP Essentials\sts-4.30.0.RELEASE\plugins\org.eclipse.m2e.maven.runtime_3.9.900.20250220-2013\jars\plexus-interpolation-1.27.jar
2025-06-09 22:54:46,005 [Worker-8: Launching Executing clean in C__Users_SHRIRAM SABADE_OneDrive_Desktop_WJP Project_Backend-InstaStay_InstaStay] INFO  o.eclipse.m2e.core.internal.Bundles - 	Entry: D:\WJP Essentials\sts-4.30.0.RELEASE\plugins\org.eclipse.m2e.maven.runtime_3.9.900.20250220-2013\jars\plexus-sec-dispatcher-2.0.jar
2025-06-09 22:54:46,005 [Worker-8: Launching Executing clean in C__Users_SHRIRAM SABADE_OneDrive_Desktop_WJP Project_Backend-InstaStay_InstaStay] INFO  o.eclipse.m2e.core.internal.Bundles - 	Entry: D:\WJP Essentials\sts-4.30.0.RELEASE\plugins\org.eclipse.m2e.maven.runtime_3.9.900.20250220-2013\jars\plexus-utils-3.5.1.jar
2025-06-09 22:54:46,005 [Worker-8: Launching Executing clean in C__Users_SHRIRAM SABADE_OneDrive_Desktop_WJP Project_Backend-InstaStay_InstaStay] INFO  o.eclipse.m2e.core.internal.Bundles - 	Entry: D:\WJP Essentials\sts-4.30.0.RELEASE\plugins\org.eclipse.m2e.maven.runtime_3.9.900.20250220-2013\jars\plexus-xml-3.0.1.jar
2025-06-09 22:54:46,005 [Worker-8: Launching Executing clean in C__Users_SHRIRAM SABADE_OneDrive_Desktop_WJP Project_Backend-InstaStay_InstaStay] INFO  o.eclipse.m2e.core.internal.Bundles - 	Entry: D:\WJP Essentials\sts-4.30.0.RELEASE\plugins\org.eclipse.m2e.maven.runtime_3.9.900.20250220-2013\jars\wagon-file-3.5.3.jar
2025-06-09 22:54:46,005 [Worker-8: Launching Executing clean in C__Users_SHRIRAM SABADE_OneDrive_Desktop_WJP Project_Backend-InstaStay_InstaStay] INFO  o.eclipse.m2e.core.internal.Bundles - 	Entry: D:\WJP Essentials\sts-4.30.0.RELEASE\plugins\org.eclipse.m2e.maven.runtime_3.9.900.20250220-2013\jars\wagon-http-3.5.3.jar
2025-06-09 22:54:46,005 [Worker-8: Launching Executing clean in C__Users_SHRIRAM SABADE_OneDrive_Desktop_WJP Project_Backend-InstaStay_InstaStay] INFO  o.eclipse.m2e.core.internal.Bundles - 	Entry: D:\WJP Essentials\sts-4.30.0.RELEASE\plugins\org.eclipse.m2e.maven.runtime_3.9.900.20250220-2013\jars\wagon-http-shared-3.5.3.jar
2025-06-09 22:54:46,005 [Worker-8: Launching Executing clean in C__Users_SHRIRAM SABADE_OneDrive_Desktop_WJP Project_Backend-InstaStay_InstaStay] INFO  o.eclipse.m2e.core.internal.Bundles - 	Entry: D:\WJP Essentials\sts-4.30.0.RELEASE\plugins\org.eclipse.m2e.maven.runtime_3.9.900.20250220-2013\jars\wagon-provider-api-3.5.3.jar
2025-06-09 22:54:46,007 [Worker-8: Launching Executing clean in C__Users_SHRIRAM SABADE_OneDrive_Desktop_WJP Project_Backend-InstaStay_InstaStay] INFO  o.eclipse.m2e.core.internal.Bundles - getClasspathEntries(Bundle=com.google.guava_33.4.0.jre [29])
2025-06-09 22:54:46,007 [Worker-8: Launching Executing clean in C__Users_SHRIRAM SABADE_OneDrive_Desktop_WJP Project_Backend-InstaStay_InstaStay] INFO  o.eclipse.m2e.core.internal.Bundles - 	Entry: D:\WJP Essentials\sts-4.30.0.RELEASE\plugins\com.google.guava_33.4.0.jre.jar
2025-06-09 22:54:46,007 [Worker-8: Launching Executing clean in C__Users_SHRIRAM SABADE_OneDrive_Desktop_WJP Project_Backend-InstaStay_InstaStay] INFO  o.eclipse.m2e.core.internal.Bundles - getClasspathEntries(Bundle=slf4j.api_2.0.17 [608])
2025-06-09 22:54:46,008 [Worker-8: Launching Executing clean in C__Users_SHRIRAM SABADE_OneDrive_Desktop_WJP Project_Backend-InstaStay_InstaStay] INFO  o.eclipse.m2e.core.internal.Bundles - 	Entry: D:\WJP Essentials\sts-4.30.0.RELEASE\plugins\slf4j.api_2.0.17.jar
2025-06-09 22:54:46,008 [Worker-8: Launching Executing clean in C__Users_SHRIRAM SABADE_OneDrive_Desktop_WJP Project_Backend-InstaStay_InstaStay] INFO  o.eclipse.m2e.core.internal.Bundles - getClasspathEntries(Bundle=javax.inject_1.0.0.v20220405-0441 [759])
2025-06-09 22:54:46,008 [Worker-8: Launching Executing clean in C__Users_SHRIRAM SABADE_OneDrive_Desktop_WJP Project_Backend-InstaStay_InstaStay] INFO  o.eclipse.m2e.core.internal.Bundles - 	Entry: D:\WJP Essentials\sts-4.30.0.RELEASE\plugins\javax.inject_1.0.0.v20220405-0441.jar
2025-06-09 22:54:46,008 [Worker-8: Launching Executing clean in C__Users_SHRIRAM SABADE_OneDrive_Desktop_WJP Project_Backend-InstaStay_InstaStay] INFO  o.eclipse.m2e.core.internal.Bundles - getClasspathEntries(Bundle=javax.annotation_1.3.5.v20230504-0748 [758])
2025-06-09 22:54:46,008 [Worker-8: Launching Executing clean in C__Users_SHRIRAM SABADE_OneDrive_Desktop_WJP Project_Backend-InstaStay_InstaStay] INFO  o.eclipse.m2e.core.internal.Bundles - 	Entry: D:\WJP Essentials\sts-4.30.0.RELEASE\plugins\javax.annotation_1.3.5.v20230504-0748.jar
2025-06-09 22:54:46,008 [Worker-8: Launching Executing clean in C__Users_SHRIRAM SABADE_OneDrive_Desktop_WJP Project_Backend-InstaStay_InstaStay] INFO  o.eclipse.m2e.core.internal.Bundles - getClasspathEntries(Bundle=org.apache.commons.cli_1.9.0 [77])
2025-06-09 22:54:46,008 [Worker-8: Launching Executing clean in C__Users_SHRIRAM SABADE_OneDrive_Desktop_WJP Project_Backend-InstaStay_InstaStay] INFO  o.eclipse.m2e.core.internal.Bundles - 	Entry: D:\WJP Essentials\sts-4.30.0.RELEASE\plugins\org.apache.commons.cli_1.9.0.jar
2025-06-09 22:54:46,009 [Worker-8: Launching Executing clean in C__Users_SHRIRAM SABADE_OneDrive_Desktop_WJP Project_Backend-InstaStay_InstaStay] INFO  o.eclipse.m2e.core.internal.Bundles - getClasspathEntries(Bundle=org.apache.commons.commons-codec_1.16.0 [79])
2025-06-09 22:54:46,009 [Worker-8: Launching Executing clean in C__Users_SHRIRAM SABADE_OneDrive_Desktop_WJP Project_Backend-InstaStay_InstaStay] INFO  o.eclipse.m2e.core.internal.Bundles - 	Entry: D:\WJP Essentials\sts-4.30.0.RELEASE\plugins\org.apache.commons.commons-codec_1.16.0.jar
2025-06-09 22:54:46,009 [Worker-8: Launching Executing clean in C__Users_SHRIRAM SABADE_OneDrive_Desktop_WJP Project_Backend-InstaStay_InstaStay] INFO  o.eclipse.m2e.core.internal.Bundles - getClasspathEntries(Bundle=com.google.guava.failureaccess_1.0.2 [30])
2025-06-09 22:54:46,009 [Worker-8: Launching Executing clean in C__Users_SHRIRAM SABADE_OneDrive_Desktop_WJP Project_Backend-InstaStay_InstaStay] INFO  o.eclipse.m2e.core.internal.Bundles - 	Entry: D:\WJP Essentials\sts-4.30.0.RELEASE\plugins\com.google.guava.failureaccess_1.0.2.jar
2025-06-09 22:54:46,018 [Worker-8: Launching Executing clean in C__Users_SHRIRAM SABADE_OneDrive_Desktop_WJP Project_Backend-InstaStay_InstaStay] INFO  o.e.m.i.launch.MavenLaunchDelegate - Run build in "C:\Users\SHRIRAM SABADE\OneDrive\Desktop\WJP Project\Backend-InstaStay\InstaStay":
2025-06-09 22:54:46,026 [Worker-8: Launching Executing clean in C__Users_SHRIRAM SABADE_OneDrive_Desktop_WJP Project_Backend-InstaStay_InstaStay] INFO  o.e.m.i.launch.MavenLaunchDelegate -  mvn  -B -Dstyle.color=always clean
2025-06-09 22:54:48,832 [Worker-0: Building] INFO  o.a.m.s.f.DefaultMavenResourcesFiltering - Copying 1 resource from src\main\resources to target\classes
2025-06-09 22:54:48,835 [Worker-0: Building] INFO  o.a.m.s.f.DefaultMavenResourcesFiltering - Copying 0 resource from src\main\resources to target\classes
2025-06-09 22:54:48,839 [Worker-0: Building] INFO  o.a.m.s.f.DefaultMavenResourcesFiltering - skip non existing resourceDirectory C:\Users\SHRIRAM SABADE\OneDrive\Desktop\WJP Project\Backend-InstaStay\InstaStay\src\test\resources
2025-06-09 22:54:56,428 [Worker-0: Launching Executing install in C__Users_SHRIRAM SABADE_OneDrive_Desktop_WJP Project_Backend-InstaStay_InstaStay] INFO  o.eclipse.m2e.core.internal.Bundles - getClasspathEntries(Bundle=org.eclipse.m2e.maven.runtime_3.9.900.20250220-2013 [361])
2025-06-09 22:54:56,429 [Worker-0: Launching Executing install in C__Users_SHRIRAM SABADE_OneDrive_Desktop_WJP Project_Backend-InstaStay_InstaStay] INFO  o.eclipse.m2e.core.internal.Bundles - 	Entry: D:\WJP Essentials\sts-4.30.0.RELEASE\plugins\org.eclipse.m2e.maven.runtime_3.9.900.20250220-2013
2025-06-09 22:54:56,429 [Worker-0: Launching Executing install in C__Users_SHRIRAM SABADE_OneDrive_Desktop_WJP Project_Backend-InstaStay_InstaStay] INFO  o.eclipse.m2e.core.internal.Bundles - 	Entry: D:\WJP Essentials\sts-4.30.0.RELEASE\plugins\org.eclipse.m2e.maven.runtime_3.9.900.20250220-2013\jars\aopalliance-1.0.jar
2025-06-09 22:54:56,429 [Worker-0: Launching Executing install in C__Users_SHRIRAM SABADE_OneDrive_Desktop_WJP Project_Backend-InstaStay_InstaStay] INFO  o.eclipse.m2e.core.internal.Bundles - 	Entry: D:\WJP Essentials\sts-4.30.0.RELEASE\plugins\org.eclipse.m2e.maven.runtime_3.9.900.20250220-2013\jars\guice-5.1.0.jar
2025-06-09 22:54:56,429 [Worker-0: Launching Executing install in C__Users_SHRIRAM SABADE_OneDrive_Desktop_WJP Project_Backend-InstaStay_InstaStay] INFO  o.eclipse.m2e.core.internal.Bundles - 	Entry: D:\WJP Essentials\sts-4.30.0.RELEASE\plugins\org.eclipse.m2e.maven.runtime_3.9.900.20250220-2013\jars\httpclient-4.5.14.jar
2025-06-09 22:54:56,429 [Worker-0: Launching Executing install in C__Users_SHRIRAM SABADE_OneDrive_Desktop_WJP Project_Backend-InstaStay_InstaStay] INFO  o.eclipse.m2e.core.internal.Bundles - 	Entry: D:\WJP Essentials\sts-4.30.0.RELEASE\plugins\org.eclipse.m2e.maven.runtime_3.9.900.20250220-2013\jars\httpcore-4.4.16.jar
2025-06-09 22:54:56,429 [Worker-0: Launching Executing install in C__Users_SHRIRAM SABADE_OneDrive_Desktop_WJP Project_Backend-InstaStay_InstaStay] INFO  o.eclipse.m2e.core.internal.Bundles - 	Entry: D:\WJP Essentials\sts-4.30.0.RELEASE\plugins\org.eclipse.m2e.maven.runtime_3.9.900.20250220-2013\jars\jansi-2.4.1.jar
2025-06-09 22:54:56,429 [Worker-0: Launching Executing install in C__Users_SHRIRAM SABADE_OneDrive_Desktop_WJP Project_Backend-InstaStay_InstaStay] INFO  o.eclipse.m2e.core.internal.Bundles - 	Entry: D:\WJP Essentials\sts-4.30.0.RELEASE\plugins\org.eclipse.m2e.maven.runtime_3.9.900.20250220-2013\jars\jcl-over-slf4j-1.7.36.jar
2025-06-09 22:54:56,429 [Worker-0: Launching Executing install in C__Users_SHRIRAM SABADE_OneDrive_Desktop_WJP Project_Backend-InstaStay_InstaStay] INFO  o.eclipse.m2e.core.internal.Bundles - 	Entry: D:\WJP Essentials\sts-4.30.0.RELEASE\plugins\org.eclipse.m2e.maven.runtime_3.9.900.20250220-2013\jars\maven-artifact-3.9.9.jar
2025-06-09 22:54:56,429 [Worker-0: Launching Executing install in C__Users_SHRIRAM SABADE_OneDrive_Desktop_WJP Project_Backend-InstaStay_InstaStay] INFO  o.eclipse.m2e.core.internal.Bundles - 	Entry: D:\WJP Essentials\sts-4.30.0.RELEASE\plugins\org.eclipse.m2e.maven.runtime_3.9.900.20250220-2013\jars\maven-builder-support-3.9.9.jar
2025-06-09 22:54:56,429 [Worker-0: Launching Executing install in C__Users_SHRIRAM SABADE_OneDrive_Desktop_WJP Project_Backend-InstaStay_InstaStay] INFO  o.eclipse.m2e.core.internal.Bundles - 	Entry: D:\WJP Essentials\sts-4.30.0.RELEASE\plugins\org.eclipse.m2e.maven.runtime_3.9.900.20250220-2013\jars\maven-compat-3.9.9.jar
2025-06-09 22:54:56,429 [Worker-0: Launching Executing install in C__Users_SHRIRAM SABADE_OneDrive_Desktop_WJP Project_Backend-InstaStay_InstaStay] INFO  o.eclipse.m2e.core.internal.Bundles - 	Entry: D:\WJP Essentials\sts-4.30.0.RELEASE\plugins\org.eclipse.m2e.maven.runtime_3.9.900.20250220-2013\jars\maven-core-3.9.9.jar
2025-06-09 22:54:56,430 [Worker-0: Launching Executing install in C__Users_SHRIRAM SABADE_OneDrive_Desktop_WJP Project_Backend-InstaStay_InstaStay] INFO  o.eclipse.m2e.core.internal.Bundles - 	Entry: D:\WJP Essentials\sts-4.30.0.RELEASE\plugins\org.eclipse.m2e.maven.runtime_3.9.900.20250220-2013\jars\maven-embedder-3.9.9.jar
2025-06-09 22:54:56,430 [Worker-0: Launching Executing install in C__Users_SHRIRAM SABADE_OneDrive_Desktop_WJP Project_Backend-InstaStay_InstaStay] INFO  o.eclipse.m2e.core.internal.Bundles - 	Entry: D:\WJP Essentials\sts-4.30.0.RELEASE\plugins\org.eclipse.m2e.maven.runtime_3.9.900.20250220-2013\jars\maven-model-3.9.9.jar
2025-06-09 22:54:56,430 [Worker-0: Launching Executing install in C__Users_SHRIRAM SABADE_OneDrive_Desktop_WJP Project_Backend-InstaStay_InstaStay] INFO  o.eclipse.m2e.core.internal.Bundles - 	Entry: D:\WJP Essentials\sts-4.30.0.RELEASE\plugins\org.eclipse.m2e.maven.runtime_3.9.900.20250220-2013\jars\maven-model-builder-3.9.9.jar
2025-06-09 22:54:56,430 [Worker-0: Launching Executing install in C__Users_SHRIRAM SABADE_OneDrive_Desktop_WJP Project_Backend-InstaStay_InstaStay] INFO  o.eclipse.m2e.core.internal.Bundles - 	Entry: D:\WJP Essentials\sts-4.30.0.RELEASE\plugins\org.eclipse.m2e.maven.runtime_3.9.900.20250220-2013\jars\maven-plugin-api-3.9.9.jar
2025-06-09 22:54:56,430 [Worker-0: Launching Executing install in C__Users_SHRIRAM SABADE_OneDrive_Desktop_WJP Project_Backend-InstaStay_InstaStay] INFO  o.eclipse.m2e.core.internal.Bundles - 	Entry: D:\WJP Essentials\sts-4.30.0.RELEASE\plugins\org.eclipse.m2e.maven.runtime_3.9.900.20250220-2013\jars\maven-repository-metadata-3.9.9.jar
2025-06-09 22:54:56,430 [Worker-0: Launching Executing install in C__Users_SHRIRAM SABADE_OneDrive_Desktop_WJP Project_Backend-InstaStay_InstaStay] INFO  o.eclipse.m2e.core.internal.Bundles - 	Entry: D:\WJP Essentials\sts-4.30.0.RELEASE\plugins\org.eclipse.m2e.maven.runtime_3.9.900.20250220-2013\jars\maven-resolver-api-1.9.22.jar
2025-06-09 22:54:56,430 [Worker-0: Launching Executing install in C__Users_SHRIRAM SABADE_OneDrive_Desktop_WJP Project_Backend-InstaStay_InstaStay] INFO  o.eclipse.m2e.core.internal.Bundles - 	Entry: D:\WJP Essentials\sts-4.30.0.RELEASE\plugins\org.eclipse.m2e.maven.runtime_3.9.900.20250220-2013\jars\maven-resolver-connector-basic-1.9.22.jar
2025-06-09 22:54:56,430 [Worker-0: Launching Executing install in C__Users_SHRIRAM SABADE_OneDrive_Desktop_WJP Project_Backend-InstaStay_InstaStay] INFO  o.eclipse.m2e.core.internal.Bundles - 	Entry: D:\WJP Essentials\sts-4.30.0.RELEASE\plugins\org.eclipse.m2e.maven.runtime_3.9.900.20250220-2013\jars\maven-resolver-impl-1.9.22.jar
2025-06-09 22:54:56,430 [Worker-0: Launching Executing install in C__Users_SHRIRAM SABADE_OneDrive_Desktop_WJP Project_Backend-InstaStay_InstaStay] INFO  o.eclipse.m2e.core.internal.Bundles - 	Entry: D:\WJP Essentials\sts-4.30.0.RELEASE\plugins\org.eclipse.m2e.maven.runtime_3.9.900.20250220-2013\jars\maven-resolver-named-locks-1.9.22.jar
2025-06-09 22:54:56,430 [Worker-0: Launching Executing install in C__Users_SHRIRAM SABADE_OneDrive_Desktop_WJP Project_Backend-InstaStay_InstaStay] INFO  o.eclipse.m2e.core.internal.Bundles - 	Entry: D:\WJP Essentials\sts-4.30.0.RELEASE\plugins\org.eclipse.m2e.maven.runtime_3.9.900.20250220-2013\jars\maven-resolver-provider-3.9.9.jar
2025-06-09 22:54:56,430 [Worker-0: Launching Executing install in C__Users_SHRIRAM SABADE_OneDrive_Desktop_WJP Project_Backend-InstaStay_InstaStay] INFO  o.eclipse.m2e.core.internal.Bundles - 	Entry: D:\WJP Essentials\sts-4.30.0.RELEASE\plugins\org.eclipse.m2e.maven.runtime_3.9.900.20250220-2013\jars\maven-resolver-spi-1.9.22.jar
2025-06-09 22:54:56,430 [Worker-0: Launching Executing install in C__Users_SHRIRAM SABADE_OneDrive_Desktop_WJP Project_Backend-InstaStay_InstaStay] INFO  o.eclipse.m2e.core.internal.Bundles - 	Entry: D:\WJP Essentials\sts-4.30.0.RELEASE\plugins\org.eclipse.m2e.maven.runtime_3.9.900.20250220-2013\jars\maven-resolver-transport-file-1.9.22.jar
2025-06-09 22:54:56,430 [Worker-0: Launching Executing install in C__Users_SHRIRAM SABADE_OneDrive_Desktop_WJP Project_Backend-InstaStay_InstaStay] INFO  o.eclipse.m2e.core.internal.Bundles - 	Entry: D:\WJP Essentials\sts-4.30.0.RELEASE\plugins\org.eclipse.m2e.maven.runtime_3.9.900.20250220-2013\jars\maven-resolver-transport-http-1.9.22.jar
2025-06-09 22:54:56,430 [Worker-0: Launching Executing install in C__Users_SHRIRAM SABADE_OneDrive_Desktop_WJP Project_Backend-InstaStay_InstaStay] INFO  o.eclipse.m2e.core.internal.Bundles - 	Entry: D:\WJP Essentials\sts-4.30.0.RELEASE\plugins\org.eclipse.m2e.maven.runtime_3.9.900.20250220-2013\jars\maven-resolver-transport-wagon-1.9.22.jar
2025-06-09 22:54:56,430 [Worker-0: Launching Executing install in C__Users_SHRIRAM SABADE_OneDrive_Desktop_WJP Project_Backend-InstaStay_InstaStay] INFO  o.eclipse.m2e.core.internal.Bundles - 	Entry: D:\WJP Essentials\sts-4.30.0.RELEASE\plugins\org.eclipse.m2e.maven.runtime_3.9.900.20250220-2013\jars\maven-resolver-util-1.9.22.jar
2025-06-09 22:54:56,431 [Worker-0: Launching Executing install in C__Users_SHRIRAM SABADE_OneDrive_Desktop_WJP Project_Backend-InstaStay_InstaStay] INFO  o.eclipse.m2e.core.internal.Bundles - 	Entry: D:\WJP Essentials\sts-4.30.0.RELEASE\plugins\org.eclipse.m2e.maven.runtime_3.9.900.20250220-2013\jars\maven-settings-3.9.9.jar
2025-06-09 22:54:56,431 [Worker-0: Launching Executing install in C__Users_SHRIRAM SABADE_OneDrive_Desktop_WJP Project_Backend-InstaStay_InstaStay] INFO  o.eclipse.m2e.core.internal.Bundles - 	Entry: D:\WJP Essentials\sts-4.30.0.RELEASE\plugins\org.eclipse.m2e.maven.runtime_3.9.900.20250220-2013\jars\maven-settings-builder-3.9.9.jar
2025-06-09 22:54:56,431 [Worker-0: Launching Executing install in C__Users_SHRIRAM SABADE_OneDrive_Desktop_WJP Project_Backend-InstaStay_InstaStay] INFO  o.eclipse.m2e.core.internal.Bundles - 	Entry: D:\WJP Essentials\sts-4.30.0.RELEASE\plugins\org.eclipse.m2e.maven.runtime_3.9.900.20250220-2013\jars\maven-shared-utils-3.4.2.jar
2025-06-09 22:54:56,431 [Worker-0: Launching Executing install in C__Users_SHRIRAM SABADE_OneDrive_Desktop_WJP Project_Backend-InstaStay_InstaStay] INFO  o.eclipse.m2e.core.internal.Bundles - 	Entry: D:\WJP Essentials\sts-4.30.0.RELEASE\plugins\org.eclipse.m2e.maven.runtime_3.9.900.20250220-2013\jars\org.eclipse.sisu.inject-0.9.0.M3.jar
2025-06-09 22:54:56,431 [Worker-0: Launching Executing install in C__Users_SHRIRAM SABADE_OneDrive_Desktop_WJP Project_Backend-InstaStay_InstaStay] INFO  o.eclipse.m2e.core.internal.Bundles - 	Entry: D:\WJP Essentials\sts-4.30.0.RELEASE\plugins\org.eclipse.m2e.maven.runtime_3.9.900.20250220-2013\jars\org.eclipse.sisu.plexus-0.9.0.M3.jar
2025-06-09 22:54:56,431 [Worker-0: Launching Executing install in C__Users_SHRIRAM SABADE_OneDrive_Desktop_WJP Project_Backend-InstaStay_InstaStay] INFO  o.eclipse.m2e.core.internal.Bundles - 	Entry: D:\WJP Essentials\sts-4.30.0.RELEASE\plugins\org.eclipse.m2e.maven.runtime_3.9.900.20250220-2013\jars\plexus-build-api-0.0.7.jar
2025-06-09 22:54:56,431 [Worker-0: Launching Executing install in C__Users_SHRIRAM SABADE_OneDrive_Desktop_WJP Project_Backend-InstaStay_InstaStay] INFO  o.eclipse.m2e.core.internal.Bundles - 	Entry: D:\WJP Essentials\sts-4.30.0.RELEASE\plugins\org.eclipse.m2e.maven.runtime_3.9.900.20250220-2013\jars\plexus-build-api-1.2.0.jar
2025-06-09 22:54:56,431 [Worker-0: Launching Executing install in C__Users_SHRIRAM SABADE_OneDrive_Desktop_WJP Project_Backend-InstaStay_InstaStay] INFO  o.eclipse.m2e.core.internal.Bundles - 	Entry: D:\WJP Essentials\sts-4.30.0.RELEASE\plugins\org.eclipse.m2e.maven.runtime_3.9.900.20250220-2013\jars\plexus-cipher-2.0.jar
2025-06-09 22:54:56,431 [Worker-0: Launching Executing install in C__Users_SHRIRAM SABADE_OneDrive_Desktop_WJP Project_Backend-InstaStay_InstaStay] INFO  o.eclipse.m2e.core.internal.Bundles - 	Entry: D:\WJP Essentials\sts-4.30.0.RELEASE\plugins\org.eclipse.m2e.maven.runtime_3.9.900.20250220-2013\jars\plexus-classworlds-2.8.0.jar
2025-06-09 22:54:56,431 [Worker-0: Launching Executing install in C__Users_SHRIRAM SABADE_OneDrive_Desktop_WJP Project_Backend-InstaStay_InstaStay] INFO  o.eclipse.m2e.core.internal.Bundles - 	Entry: D:\WJP Essentials\sts-4.30.0.RELEASE\plugins\org.eclipse.m2e.maven.runtime_3.9.900.20250220-2013\jars\plexus-component-annotations-2.1.0.jar
2025-06-09 22:54:56,431 [Worker-0: Launching Executing install in C__Users_SHRIRAM SABADE_OneDrive_Desktop_WJP Project_Backend-InstaStay_InstaStay] INFO  o.eclipse.m2e.core.internal.Bundles - 	Entry: D:\WJP Essentials\sts-4.30.0.RELEASE\plugins\org.eclipse.m2e.maven.runtime_3.9.900.20250220-2013\jars\plexus-interpolation-1.27.jar
2025-06-09 22:54:56,431 [Worker-0: Launching Executing install in C__Users_SHRIRAM SABADE_OneDrive_Desktop_WJP Project_Backend-InstaStay_InstaStay] INFO  o.eclipse.m2e.core.internal.Bundles - 	Entry: D:\WJP Essentials\sts-4.30.0.RELEASE\plugins\org.eclipse.m2e.maven.runtime_3.9.900.20250220-2013\jars\plexus-sec-dispatcher-2.0.jar
2025-06-09 22:54:56,431 [Worker-0: Launching Executing install in C__Users_SHRIRAM SABADE_OneDrive_Desktop_WJP Project_Backend-InstaStay_InstaStay] INFO  o.eclipse.m2e.core.internal.Bundles - 	Entry: D:\WJP Essentials\sts-4.30.0.RELEASE\plugins\org.eclipse.m2e.maven.runtime_3.9.900.20250220-2013\jars\plexus-utils-3.5.1.jar
2025-06-09 22:54:56,432 [Worker-0: Launching Executing install in C__Users_SHRIRAM SABADE_OneDrive_Desktop_WJP Project_Backend-InstaStay_InstaStay] INFO  o.eclipse.m2e.core.internal.Bundles - 	Entry: D:\WJP Essentials\sts-4.30.0.RELEASE\plugins\org.eclipse.m2e.maven.runtime_3.9.900.20250220-2013\jars\plexus-xml-3.0.1.jar
2025-06-09 22:54:56,432 [Worker-0: Launching Executing install in C__Users_SHRIRAM SABADE_OneDrive_Desktop_WJP Project_Backend-InstaStay_InstaStay] INFO  o.eclipse.m2e.core.internal.Bundles - 	Entry: D:\WJP Essentials\sts-4.30.0.RELEASE\plugins\org.eclipse.m2e.maven.runtime_3.9.900.20250220-2013\jars\wagon-file-3.5.3.jar
2025-06-09 22:54:56,432 [Worker-0: Launching Executing install in C__Users_SHRIRAM SABADE_OneDrive_Desktop_WJP Project_Backend-InstaStay_InstaStay] INFO  o.eclipse.m2e.core.internal.Bundles - 	Entry: D:\WJP Essentials\sts-4.30.0.RELEASE\plugins\org.eclipse.m2e.maven.runtime_3.9.900.20250220-2013\jars\wagon-http-3.5.3.jar
2025-06-09 22:54:56,432 [Worker-0: Launching Executing install in C__Users_SHRIRAM SABADE_OneDrive_Desktop_WJP Project_Backend-InstaStay_InstaStay] INFO  o.eclipse.m2e.core.internal.Bundles - 	Entry: D:\WJP Essentials\sts-4.30.0.RELEASE\plugins\org.eclipse.m2e.maven.runtime_3.9.900.20250220-2013\jars\wagon-http-shared-3.5.3.jar
2025-06-09 22:54:56,432 [Worker-0: Launching Executing install in C__Users_SHRIRAM SABADE_OneDrive_Desktop_WJP Project_Backend-InstaStay_InstaStay] INFO  o.eclipse.m2e.core.internal.Bundles - 	Entry: D:\WJP Essentials\sts-4.30.0.RELEASE\plugins\org.eclipse.m2e.maven.runtime_3.9.900.20250220-2013\jars\wagon-provider-api-3.5.3.jar
2025-06-09 22:54:56,432 [Worker-0: Launching Executing install in C__Users_SHRIRAM SABADE_OneDrive_Desktop_WJP Project_Backend-InstaStay_InstaStay] INFO  o.eclipse.m2e.core.internal.Bundles - getClasspathEntries(Bundle=com.google.guava_33.4.0.jre [29])
2025-06-09 22:54:56,432 [Worker-0: Launching Executing install in C__Users_SHRIRAM SABADE_OneDrive_Desktop_WJP Project_Backend-InstaStay_InstaStay] INFO  o.eclipse.m2e.core.internal.Bundles - 	Entry: D:\WJP Essentials\sts-4.30.0.RELEASE\plugins\com.google.guava_33.4.0.jre.jar
2025-06-09 22:54:56,433 [Worker-0: Launching Executing install in C__Users_SHRIRAM SABADE_OneDrive_Desktop_WJP Project_Backend-InstaStay_InstaStay] INFO  o.eclipse.m2e.core.internal.Bundles - getClasspathEntries(Bundle=slf4j.api_2.0.17 [608])
2025-06-09 22:54:56,433 [Worker-0: Launching Executing install in C__Users_SHRIRAM SABADE_OneDrive_Desktop_WJP Project_Backend-InstaStay_InstaStay] INFO  o.eclipse.m2e.core.internal.Bundles - 	Entry: D:\WJP Essentials\sts-4.30.0.RELEASE\plugins\slf4j.api_2.0.17.jar
2025-06-09 22:54:56,433 [Worker-0: Launching Executing install in C__Users_SHRIRAM SABADE_OneDrive_Desktop_WJP Project_Backend-InstaStay_InstaStay] INFO  o.eclipse.m2e.core.internal.Bundles - getClasspathEntries(Bundle=javax.inject_1.0.0.v20220405-0441 [759])
2025-06-09 22:54:56,433 [Worker-0: Launching Executing install in C__Users_SHRIRAM SABADE_OneDrive_Desktop_WJP Project_Backend-InstaStay_InstaStay] INFO  o.eclipse.m2e.core.internal.Bundles - 	Entry: D:\WJP Essentials\sts-4.30.0.RELEASE\plugins\javax.inject_1.0.0.v20220405-0441.jar
2025-06-09 22:54:56,433 [Worker-0: Launching Executing install in C__Users_SHRIRAM SABADE_OneDrive_Desktop_WJP Project_Backend-InstaStay_InstaStay] INFO  o.eclipse.m2e.core.internal.Bundles - getClasspathEntries(Bundle=javax.annotation_1.3.5.v20230504-0748 [758])
2025-06-09 22:54:56,434 [Worker-0: Launching Executing install in C__Users_SHRIRAM SABADE_OneDrive_Desktop_WJP Project_Backend-InstaStay_InstaStay] INFO  o.eclipse.m2e.core.internal.Bundles - 	Entry: D:\WJP Essentials\sts-4.30.0.RELEASE\plugins\javax.annotation_1.3.5.v20230504-0748.jar
2025-06-09 22:54:56,434 [Worker-0: Launching Executing install in C__Users_SHRIRAM SABADE_OneDrive_Desktop_WJP Project_Backend-InstaStay_InstaStay] INFO  o.eclipse.m2e.core.internal.Bundles - getClasspathEntries(Bundle=org.apache.commons.cli_1.9.0 [77])
2025-06-09 22:54:56,434 [Worker-0: Launching Executing install in C__Users_SHRIRAM SABADE_OneDrive_Desktop_WJP Project_Backend-InstaStay_InstaStay] INFO  o.eclipse.m2e.core.internal.Bundles - 	Entry: D:\WJP Essentials\sts-4.30.0.RELEASE\plugins\org.apache.commons.cli_1.9.0.jar
2025-06-09 22:54:56,434 [Worker-0: Launching Executing install in C__Users_SHRIRAM SABADE_OneDrive_Desktop_WJP Project_Backend-InstaStay_InstaStay] INFO  o.eclipse.m2e.core.internal.Bundles - getClasspathEntries(Bundle=org.apache.commons.commons-codec_1.16.0 [79])
2025-06-09 22:54:56,435 [Worker-0: Launching Executing install in C__Users_SHRIRAM SABADE_OneDrive_Desktop_WJP Project_Backend-InstaStay_InstaStay] INFO  o.eclipse.m2e.core.internal.Bundles - 	Entry: D:\WJP Essentials\sts-4.30.0.RELEASE\plugins\org.apache.commons.commons-codec_1.16.0.jar
2025-06-09 22:54:56,435 [Worker-0: Launching Executing install in C__Users_SHRIRAM SABADE_OneDrive_Desktop_WJP Project_Backend-InstaStay_InstaStay] INFO  o.eclipse.m2e.core.internal.Bundles - getClasspathEntries(Bundle=com.google.guava.failureaccess_1.0.2 [30])
2025-06-09 22:54:56,435 [Worker-0: Launching Executing install in C__Users_SHRIRAM SABADE_OneDrive_Desktop_WJP Project_Backend-InstaStay_InstaStay] INFO  o.eclipse.m2e.core.internal.Bundles - 	Entry: D:\WJP Essentials\sts-4.30.0.RELEASE\plugins\com.google.guava.failureaccess_1.0.2.jar
2025-06-09 22:54:56,438 [Worker-0: Launching Executing install in C__Users_SHRIRAM SABADE_OneDrive_Desktop_WJP Project_Backend-InstaStay_InstaStay] INFO  o.e.m.i.launch.MavenLaunchDelegate - Run build in "C:\Users\SHRIRAM SABADE\OneDrive\Desktop\WJP Project\Backend-InstaStay\InstaStay":
2025-06-09 22:54:56,438 [Worker-0: Launching Executing install in C__Users_SHRIRAM SABADE_OneDrive_Desktop_WJP Project_Backend-InstaStay_InstaStay] INFO  o.e.m.i.launch.MavenLaunchDelegate -  mvn  -B -Dstyle.color=always install
2025-06-09 22:55:33,893 [Worker-2: Updating Maven Project] INFO  o.e.m.c.i.p.ProjectConfigurationManager - Update started
2025-06-09 22:55:34,338 [Worker-2: Updating Maven Project] INFO  o.e.m.c.i.l.LifecycleMappingFactory - Using org.eclipse.m2e.jdt.JarLifecycleMapping lifecycle mapping for MavenProject: com.project:InstaStay:0.0.1-SNAPSHOT @ C:\Users\SHRIRAM SABADE\OneDrive\Desktop\WJP Project\Backend-InstaStay\InstaStay\pom.xml.
2025-06-09 22:55:35,357 [Worker-2: Updating Maven Project] INFO  o.e.m.j.i.AbstractJavaProjectConfigurator - Adding source folder /InstaStay/src/main/java
2025-06-09 22:55:35,358 [Worker-2: Updating Maven Project] INFO  o.e.m.j.i.AbstractJavaProjectConfigurator - Adding resource folder /InstaStay/src/main/resources
2025-06-09 22:55:35,359 [Worker-2: Updating Maven Project] INFO  o.e.m.j.i.AbstractJavaProjectConfigurator - Adding resource folder /InstaStay/src/main/resources
2025-06-09 22:55:35,360 [Worker-2: Updating Maven Project] INFO  o.e.m.j.i.AbstractJavaProjectConfigurator - Adding source folder /InstaStay/src/test/java
2025-06-09 22:55:35,361 [Worker-2: Updating Maven Project] INFO  o.e.m.j.i.AbstractJavaProjectConfigurator - Adding resource folder /InstaStay/src/test/resources
2025-06-09 22:55:35,957 [Worker-2: Updating Maven Project] INFO  o.e.m.c.i.p.ProjectConfigurationManager - Update completed for 1 poms: local refresh takes 0.00 sec, refresh facades takes 1.00 sec, update config takes 0.00 sec 
2025-06-09 22:55:36,627 [Worker-3: Building] INFO  o.a.m.s.f.DefaultMavenResourcesFiltering - Copying 1 resource from src\main\resources to target\classes
2025-06-09 22:55:36,649 [Worker-3: Building] INFO  o.a.m.s.f.DefaultMavenResourcesFiltering - Copying 0 resource from src\main\resources to target\classes
2025-06-09 22:55:36,654 [Worker-3: Building] INFO  o.a.m.s.f.DefaultMavenResourcesFiltering - skip non existing resourceDirectory C:\Users\SHRIRAM SABADE\OneDrive\Desktop\WJP Project\Backend-InstaStay\InstaStay\src\test\resources
2025-06-09 23:13:05,538 [Worker-2: Building] INFO  o.a.m.s.f.DefaultMavenResourcesFiltering - Copying 1 resource from src\main\resources to target\classes
2025-06-09 23:13:05,545 [Worker-2: Building] INFO  o.a.m.s.f.DefaultMavenResourcesFiltering - Copying 0 resource from src\main\resources to target\classes
2025-06-09 23:13:05,549 [Worker-2: Building] INFO  o.a.m.s.f.DefaultMavenResourcesFiltering - skip non existing resourceDirectory C:\Users\SHRIRAM SABADE\OneDrive\Desktop\WJP Project\Backend-InstaStay\InstaStay\src\test\resources
2025-06-10 14:38:25,683 [Worker-5: Loading available Gradle versions] INFO  o.e.b.c.i.u.g.PublishedGradleVersions - Gradle version information cache is up-to-date. Trying to read.
2025-06-10 15:36:32,527 [Worker-0: Loading available Gradle versions] INFO  o.e.b.c.i.u.g.PublishedGradleVersions - Gradle version information cache is up-to-date. Trying to read.
2025-06-10 19:38:58,190 [Worker-6: Loading available Gradle versions] INFO  o.e.b.c.i.u.g.PublishedGradleVersions - Gradle version information cache is up-to-date. Trying to read.
2025-06-11 13:55:37,469 [Worker-2: Loading available Gradle versions] INFO  o.e.b.c.i.u.g.PublishedGradleVersions - Gradle version information cache is out-of-date. Trying to update.
2025-06-11 14:47:50,798 [Worker-7: Building] INFO  o.a.m.s.f.DefaultMavenResourcesFiltering - Copying 1 resource from src\main\resources to target\classes
2025-06-11 14:47:50,834 [Worker-7: Building] INFO  o.a.m.s.f.DefaultMavenResourcesFiltering - Copying 0 resource from src\main\resources to target\classes
2025-06-11 14:47:50,840 [Worker-7: Building] INFO  o.a.m.s.f.DefaultMavenResourcesFiltering - skip non existing resourceDirectory C:\Users\SHRIRAM SABADE\OneDrive\Desktop\WJP Project\Backend-InstaStay\InstaStay\src\test\resources
2025-06-11 14:49:27,847 [Worker-3: Building] INFO  o.a.m.s.f.DefaultMavenResourcesFiltering - Copying 1 resource from src\main\resources to target\classes
2025-06-11 14:49:27,864 [Worker-3: Building] INFO  o.a.m.s.f.DefaultMavenResourcesFiltering - Copying 0 resource from src\main\resources to target\classes
2025-06-11 14:49:27,878 [Worker-3: Building] INFO  o.a.m.s.f.DefaultMavenResourcesFiltering - skip non existing resourceDirectory C:\Users\SHRIRAM SABADE\OneDrive\Desktop\WJP Project\Backend-InstaStay\InstaStay\src\test\resources
2025-06-11 14:50:00,226 [Worker-11: Building] INFO  o.a.m.s.f.DefaultMavenResourcesFiltering - Copying 1 resource from src\main\resources to target\classes
2025-06-11 14:50:00,231 [Worker-11: Building] INFO  o.a.m.s.f.DefaultMavenResourcesFiltering - Copying 0 resource from src\main\resources to target\classes
2025-06-11 14:50:00,237 [Worker-11: Building] INFO  o.a.m.s.f.DefaultMavenResourcesFiltering - skip non existing resourceDirectory C:\Users\SHRIRAM SABADE\OneDrive\Desktop\WJP Project\Backend-InstaStay\InstaStay\src\test\resources
2025-06-12 16:07:12,523 [Worker-3: Loading available Gradle versions] INFO  o.e.b.c.i.u.g.PublishedGradleVersions - Gradle version information cache is out-of-date. Trying to update.
2025-06-12 17:39:06,896 [Worker-2: Loading available Gradle versions] INFO  o.e.b.c.i.u.g.PublishedGradleVersions - Gradle version information cache is up-to-date. Trying to read.
